<?xml version="1.0" encoding="UTF-8"?>
<testsuite name="_2Shop._3AllAnyAndOtherPredicates" tests="5" skipped="0" failures="0" errors="0" timestamp="2016-12-01T21:15:21" hostname="Joe-Cyboski-7092" time="0.004">
  <properties/>
  <testcase name="testAnyCustomerFromCity" classname="_2Shop._3AllAnyAndOtherPredicates" time="0.003"/>
  <testcase name="testAnyCustomerIsFromCity" classname="_2Shop._3AllAnyAndOtherPredicates" time="0.001"/>
  <testcase name="testCountCustomersFromCity" classname="_2Shop._3AllAnyAndOtherPredicates" time="0.0"/>
  <testcase name="testAllCustomersAreFromCity" classname="_2Shop._3AllAnyAndOtherPredicates" time="0.0"/>
  <testcase name="testCustomerIsFromCity" classname="_2Shop._3AllAnyAndOtherPredicates" time="0.0"/>
  <system-out><![CDATA[]]></system-out>
  <system-err><![CDATA[]]></system-err>
</testsuite>
