<?xml version="1.0" encoding="UTF-8"?>
<testsuite name="_2Shop._13CompoundTasks" tests="5" skipped="0" failures="0" errors="0" timestamp="2016-12-01T21:15:21" hostname="Joe-Cyboski-7092" time="0.012">
  <properties/>
  <testcase name="testNumberOfTimesEachProductWasOrderedForRepeatedInOrderProduct" classname="_2Shop._13CompoundTasks" time="0.005"/>
  <testcase name="testNumberOfTimesEachProductWasOrderedForRepeatedProduct" classname="_2Shop._13CompoundTasks" time="0.0"/>
  <testcase name="testNumberOfTimesEachProductWasOrdered" classname="_2Shop._13CompoundTasks" time="0.0"/>
  <testcase name="testMostExpensiveDeliveredProduct" classname="_2Shop._13CompoundTasks" time="0.003"/>
  <testcase name="testGetCustomersWhoOrderedProduct" classname="_2Shop._13CompoundTasks" time="0.001"/>
  <system-out><![CDATA[]]></system-out>
  <system-err><![CDATA[]]></system-err>
</testsuite>
