<?xml version="1.0" encoding="UTF-8"?>
<testsuite name="_2Shop._9AssociateBy" tests="1" skipped="0" failures="0" errors="0" timestamp="2016-12-01T21:15:21" hostname="Joe-Cyboski-7092" time="0.005">
  <properties/>
  <testcase name="testZipNameAndCustomer" classname="_2Shop._9AssociateBy" time="0.005"/>
  <system-out><![CDATA[]]></system-out>
  <system-err><![CDATA[]]></system-err>
</testsuite>
