<?xml version="1.0" encoding="UTF-8"?>
<testsuite name="_2Shop._8Zip" tests="1" skipped="0" failures="0" errors="0" timestamp="2016-12-01T21:15:21" hostname="Joe-Cyboski-7092" time="0.003">
  <properties/>
  <testcase name="testZipNameAndCustomer" classname="_2Shop._8Zip" time="0.003"/>
  <system-out><![CDATA[]]></system-out>
  <system-err><![CDATA[]]></system-err>
</testsuite>
