<?xml version="1.0" encoding="UTF-8"?>
<testsuite name="_2Shop._5MaxMin" tests="2" skipped="0" failures="0" errors="0" timestamp="2016-12-01T21:15:21" hostname="Joe-Cyboski-7092" time="0.004">
  <properties/>
  <testcase name="testTheMostExpensiveOrderedProduct" classname="_2Shop._5MaxMin" time="0.003"/>
  <testcase name="testCustomerWithMaximumNumberOfOrders" classname="_2Shop._5MaxMin" time="0.001"/>
  <system-out><![CDATA[]]></system-out>
  <system-err><![CDATA[]]></system-err>
</testsuite>
