<?xml version="1.0" encoding="UTF-8"?>
<testsuite name="_2Shop._14SmthWithCollections" tests="5" skipped="0" failures="0" errors="0" timestamp="2016-12-01T21:15:21" hostname="Joe-Cyboski-7092" time="0.008">
  <properties/>
  <testcase name="testSimpleCollection" classname="_2Shop._14SmthWithCollections" time="0.003"/>
  <testcase name="testCollectionWithEmptyStrings" classname="_2Shop._14SmthWithCollections" time="0.0"/>
  <testcase name="testCollectionWithTwoGroupsOfMaximalSize" classname="_2Shop._14SmthWithCollections" time="0.0"/>
  <testcase name="testEmptyCollection" classname="_2Shop._14SmthWithCollections" time="0.002"/>
  <testcase name="testCollectionOfOneElement" classname="_2Shop._14SmthWithCollections" time="0.0"/>
  <system-out><![CDATA[]]></system-out>
  <system-err><![CDATA[]]></system-err>
</testsuite>
