<?xml version="1.0" encoding="UTF-8"?>
<testsuite name="_2Shop._4FlatMap" tests="2" skipped="0" failures="0" errors="0" timestamp="2016-12-01T21:15:21" hostname="Joe-Cyboski-7092" time="0.001">
  <properties/>
  <testcase name="testGetOrderedProductsSet" classname="_2Shop._4FlatMap" time="0.0"/>
  <testcase name="testGetAllOrderedProducts" classname="_2Shop._4FlatMap" time="0.001"/>
  <system-out><![CDATA[]]></system-out>
  <system-err><![CDATA[]]></system-err>
</testsuite>
