<?xml version="1.0" encoding="UTF-8"?>
<testsuite name="_2Shop._6Sort" tests="1" skipped="0" failures="0" errors="0" timestamp="2016-12-01T21:15:21" hostname="Joe-Cyboski-7092" time="0.007">
  <properties/>
  <testcase name="testGetCustomersSortedByNumberOfOrders" classname="_2Shop._6Sort" time="0.007"/>
  <system-out><![CDATA[]]></system-out>
  <system-err><![CDATA[]]></system-err>
</testsuite>
