<?xml version="1.0" encoding="UTF-8"?>
<testsuite name="_2Shop._2FilterMap" tests="2" skipped="0" failures="0" errors="0" timestamp="2016-12-01T21:15:21" hostname="Joe-Cyboski-7092" time="0.003">
  <properties/>
  <testcase name="testCitiesCustomersAreFrom" classname="_2Shop._2FilterMap" time="0.002"/>
  <testcase name="testCustomersFromCity" classname="_2Shop._2FilterMap" time="0.0"/>
  <system-out><![CDATA[]]></system-out>
  <system-err><![CDATA[]]></system-err>
</testsuite>
