<?xml version="1.0" encoding="UTF-8"?>
<testsuite name="_1Nullability.TestSendMessage" tests="5" skipped="0" failures="0" errors="0" timestamp="2016-12-01T21:15:20" hostname="Joe-Cyboski-7092" time="0.014">
  <properties/>
  <testcase name="everythingIsOk" classname="_1Nullability.TestSendMessage" time="0.011"/>
  <testcase name="noClient" classname="_1Nullability.TestSendMessage" time="0.001"/>
  <testcase name="noMessage" classname="_1Nullability.TestSendMessage" time="0.0"/>
  <testcase name="noPersonalInfo" classname="_1Nullability.TestSendMessage" time="0.0"/>
  <testcase name="noEmail" classname="_1Nullability.TestSendMessage" time="0.0"/>
  <system-out><![CDATA[]]></system-out>
  <system-err><![CDATA[]]></system-err>
</testsuite>
